# JRE version: OpenJDK Runtime Environment (7.0_79-b14) (build 1.7.0_79-b14)
# Java VM: OpenJDK 64-Bit Server VM (24.79-b02 mixed mode linux-amd64 compressed oops)
Heap
 PSYoungGen      total 17920K, used 4856K [0x00000000ec000000, 0x00000000ee300000, 0x0000000100000000)
  eden space 15360K, 15% used [0x00000000ec000000,0x00000000ec245c28,0x00000000ecf00000)
  from space 2560K, 98% used [0x00000000ecf00000,0x00000000ed178740,0x00000000ed180000)
  to   space 2560K, 0% used [0x00000000ee080000,0x00000000ee080000,0x00000000ee300000)
 ParOldGen       total 40960K, used 21424K [0x00000000c4000000, 0x00000000c6800000, 0x00000000ec000000)
  object space 40960K, 52% used [0x00000000c4000000,0x00000000c54ec1f8,0x00000000c6800000)
 PSPermGen       total 21504K, used 15255K [0x00000000b9a00000, 0x00000000baf00000, 0x00000000c4000000)
  object space 21504K, 70% used [0x00000000b9a00000,0x00000000ba8e5d50,0x00000000baf00000)
GC Heap History (6 events):
Event: 6,333 GC heap before
{Heap before GC invocations=1 (full 0):
 PSYoungGen      total 17920K, used 14457K [0x00000000ec000000, 0x00000000ed400000, 0x0000000100000000)
  eden space 15360K, 94% used [0x00000000ec000000,0x00000000ece1e500,0x00000000ecf00000)
  from space 2560K, 0% used [0x00000000ed180000,0x00000000ed180000,0x00000000ed400000)
  to   space 2560K, 0% used [0x00000000ecf00000,0x00000000ecf00000,0x00000000ed180000)
 ParOldGen       total 40960K, used 0K [0x00000000c4000000, 0x00000000c6800000, 0x00000000ec000000)
  object space 40960K, 0% used [0x00000000c4000000,0x00000000c4000000,0x00000000c6800000)
 PSPermGen       total 21504K, used 10564K [0x00000000b9a00000, 0x00000000baf00000, 0x00000000c4000000)
  object space 21504K, 49% used [0x00000000b9a00000,0x00000000ba451190,0x00000000baf00000)
Event: 6,345 GC heap after
Heap after GC invocations=1 (full 0):
 PSYoungGen      total 17920K, used 2551K [0x00000000ec000000, 0x00000000ed400000, 0x0000000100000000)
  eden space 15360K, 0% used [0x00000000ec000000,0x00000000ec000000,0x00000000ecf00000)
  from space 2560K, 99% used [0x00000000ecf00000,0x00000000ed17dca0,0x00000000ed180000)
  to   space 2560K, 0% used [0x00000000ed180000,0x00000000ed180000,0x00000000ed400000)
 ParOldGen       total 40960K, used 3852K [0x00000000c4000000, 0x00000000c6800000, 0x00000000ec000000)
  object space 40960K, 9% used [0x00000000c4000000,0x00000000c43c3070,0x00000000c6800000)
 PSPermGen       total 21504K, used 10564K [0x00000000b9a00000, 0x00000000baf00000, 0x00000000c4000000)
  object space 21504K, 49% used [0x00000000b9a00000,0x00000000ba451190,0x00000000baf00000)
}
Event: 6,818 GC heap before
{Heap before GC invocations=2 (full 0):
 PSYoungGen      total 17920K, used 17057K [0x00000000ec000000, 0x00000000ed400000, 0x0000000100000000)
  eden space 15360K, 94% used [0x00000000ec000000,0x00000000ece2a7e8,0x00000000ecf00000)
  from space 2560K, 99% used [0x00000000ecf00000,0x00000000ed17dca0,0x00000000ed180000)
  to   space 2560K, 0% used [0x00000000ed180000,0x00000000ed180000,0x00000000ed400000)
 ParOldGen       total 40960K, used 3852K [0x00000000c4000000, 0x00000000c6800000, 0x00000000ec000000)
  object space 40960K, 9% used [0x00000000c4000000,0x00000000c43c3070,0x00000000c6800000)
 PSPermGen       total 21504K, used 12323K [0x00000000b9a00000, 0x00000000baf00000, 0x00000000c4000000)
  object space 21504K, 57% used [0x00000000b9a00000,0x00000000ba608c68,0x00000000baf00000)
Event: 6,834 GC heap after
Heap after GC invocations=2 (full 0):
 PSYoungGen      total 17920K, used 2544K [0x00000000ec000000, 0x00000000ee300000, 0x0000000100000000)
  eden space 15360K, 0% used [0x00000000ec000000,0x00000000ec000000,0x00000000ecf00000)
  from space 2560K, 99% used [0x00000000ed180000,0x00000000ed3fc060,0x00000000ed400000)
  to   space 2560K, 0% used [0x00000000ecf00000,0x00000000ecf00000,0x00000000ed180000)
 ParOldGen       total 40960K, used 16808K [0x00000000c4000000, 0x00000000c6800000, 0x00000000ec000000)
  object space 40960K, 41% used [0x00000000c4000000,0x00000000c506a1f0,0x00000000c6800000)
 PSPermGen       total 21504K, used 12323K [0x00000000b9a00000, 0x00000000baf00000, 0x00000000c4000000)
  object space 21504K, 57% used [0x00000000b9a00000,0x00000000ba608c68,0x00000000baf00000)
}
Event: 7,645 GC heap before
{Heap before GC invocations=3 (full 0):
 PSYoungGen      total 17920K, used 17904K [0x00000000ec000000, 0x00000000ee300000, 0x0000000100000000)
  eden space 15360K, 100% used [0x00000000ec000000,0x00000000ecf00000,0x00000000ecf00000)
  from space 2560K, 99% used [0x00000000ed180000,0x00000000ed3fc060,0x00000000ed400000)
  to   space 2560K, 0% used [0x00000000ecf00000,0x00000000ecf00000,0x00000000ed180000)
 ParOldGen       total 40960K, used 16808K [0x00000000c4000000, 0x00000000c6800000, 0x00000000ec000000)
  object space 40960K, 41% used [0x00000000c4000000,0x00000000c506a1f0,0x00000000c6800000)
 PSPermGen       total 21504K, used 14993K [0x00000000b9a00000, 0x00000000baf00000, 0x00000000c4000000)
  object space 21504K, 69% used [0x00000000b9a00000,0x00000000ba8a46a0,0x00000000baf00000)
Event: 7,654 GC heap after
Heap after GC invocations=3 (full 0):
 PSYoungGen      total 17920K, used 2529K [0x00000000ec000000, 0x00000000ee300000, 0x0000000100000000)
  eden space 15360K, 0% used [0x00000000ec000000,0x00000000ec000000,0x00000000ecf00000)
  from space 2560K, 98% used [0x00000000ecf00000,0x00000000ed178740,0x00000000ed180000)
  to   space 2560K, 0% used [0x00000000ee080000,0x00000000ee080000,0x00000000ee300000)
 ParOldGen       total 40960K, used 21424K [0x00000000c4000000, 0x00000000c6800000, 0x00000000ec000000)
  object space 40960K, 52% used [0x00000000c4000000,0x00000000c54ec1f8,0x00000000c6800000)
 PSPermGen       total 21504K, used 14993K [0x00000000b9a00000, 0x00000000baf00000, 0x00000000c4000000)
  object space 21504K, 69% used [0x00000000b9a00000,0x00000000ba8a46a0,0x00000000baf00000)
}

