# JRE version: OpenJDK Runtime Environment (7.0_79-b14) (build 1.7.0_79-b14)
# Java VM: OpenJDK 64-Bit Server VM (24.79-b02 mixed mode linux-amd64 compressed oops)
Heap
 PSYoungGen      total 33280K, used 15736K [0x00000000ec000000, 0x00000000ee300000, 0x0000000100000000)
  eden space 30720K, 42% used [0x00000000ec000000,0x00000000ecce62f8,0x00000000ede00000)
  from space 2560K, 98% used [0x00000000ee080000,0x00000000ee2f8090,0x00000000ee300000)
  to   space 2560K, 0% used [0x00000000ede00000,0x00000000ede00000,0x00000000ee080000)
 ParOldGen       total 40960K, used 15788K [0x00000000c4000000, 0x00000000c6800000, 0x00000000ec000000)
  object space 40960K, 38% used [0x00000000c4000000,0x00000000c4f6b270,0x00000000c6800000)
 PSPermGen       total 21504K, used 15348K [0x00000000b9a00000, 0x00000000baf00000, 0x00000000c4000000)
  object space 21504K, 71% used [0x00000000b9a00000,0x00000000ba8fd108,0x00000000baf00000)
GC Heap History (4 events):
Event: 0,834 GC heap before
{Heap before GC invocations=1 (full 0):
 PSYoungGen      total 17920K, used 15360K [0x00000000ec000000, 0x00000000ed400000, 0x0000000100000000)
  eden space 15360K, 100% used [0x00000000ec000000,0x00000000ecf00000,0x00000000ecf00000)
  from space 2560K, 0% used [0x00000000ed180000,0x00000000ed180000,0x00000000ed400000)
  to   space 2560K, 0% used [0x00000000ecf00000,0x00000000ecf00000,0x00000000ed180000)
 ParOldGen       total 40960K, used 0K [0x00000000c4000000, 0x00000000c6800000, 0x00000000ec000000)
  object space 40960K, 0% used [0x00000000c4000000,0x00000000c4000000,0x00000000c6800000)
 PSPermGen       total 21504K, used 10699K [0x00000000b9a00000, 0x00000000baf00000, 0x00000000c4000000)
  object space 21504K, 49% used [0x00000000b9a00000,0x00000000ba472fb8,0x00000000baf00000)
Event: 0,844 GC heap after
Heap after GC invocations=1 (full 0):
 PSYoungGen      total 17920K, used 2551K [0x00000000ec000000, 0x00000000ee300000, 0x0000000100000000)
  eden space 15360K, 0% used [0x00000000ec000000,0x00000000ec000000,0x00000000ecf00000)
  from space 2560K, 99% used [0x00000000ecf00000,0x00000000ed17dce0,0x00000000ed180000)
  to   space 2560K, 0% used [0x00000000ee080000,0x00000000ee080000,0x00000000ee300000)
 ParOldGen       total 40960K, used 5080K [0x00000000c4000000, 0x00000000c6800000, 0x00000000ec000000)
  object space 40960K, 12% used [0x00000000c4000000,0x00000000c44f6030,0x00000000c6800000)
 PSPermGen       total 21504K, used 10699K [0x00000000b9a00000, 0x00000000baf00000, 0x00000000c4000000)
  object space 21504K, 49% used [0x00000000b9a00000,0x00000000ba472fb8,0x00000000baf00000)
}
Event: 1,046 GC heap before
{Heap before GC invocations=2 (full 0):
 PSYoungGen      total 17920K, used 17564K [0x00000000ec000000, 0x00000000ee300000, 0x0000000100000000)
  eden space 15360K, 97% used [0x00000000ec000000,0x00000000ecea94b8,0x00000000ecf00000)
  from space 2560K, 99% used [0x00000000ecf00000,0x00000000ed17dce0,0x00000000ed180000)
  to   space 2560K, 0% used [0x00000000ee080000,0x00000000ee080000,0x00000000ee300000)
 ParOldGen       total 40960K, used 5080K [0x00000000c4000000, 0x00000000c6800000, 0x00000000ec000000)
  object space 40960K, 12% used [0x00000000c4000000,0x00000000c44f6030,0x00000000c6800000)
 PSPermGen       total 21504K, used 13954K [0x00000000b9a00000, 0x00000000baf00000, 0x00000000c4000000)
  object space 21504K, 64% used [0x00000000b9a00000,0x00000000ba7a0aa0,0x00000000baf00000)
Event: 1,058 GC heap after
Heap after GC invocations=2 (full 0):
 PSYoungGen      total 33280K, used 2528K [0x00000000ec000000, 0x00000000ee300000, 0x0000000100000000)
  eden space 30720K, 0% used [0x00000000ec000000,0x00000000ec000000,0x00000000ede00000)
  from space 2560K, 98% used [0x00000000ee080000,0x00000000ee2f8090,0x00000000ee300000)
  to   space 2560K, 0% used [0x00000000ede00000,0x00000000ede00000,0x00000000ee080000)
 ParOldGen       total 40960K, used 15788K [0x00000000c4000000, 0x00000000c6800000, 0x00000000ec000000)
  object space 40960K, 38% used [0x00000000c4000000,0x00000000c4f6b270,0x00000000c6800000)
 PSPermGen       total 21504K, used 13954K [0x00000000b9a00000, 0x00000000baf00000, 0x00000000c4000000)
  object space 21504K, 64% used [0x00000000b9a00000,0x00000000ba7a0aa0,0x00000000baf00000)
}

