# JRE version: OpenJDK Runtime Environment (7.0_79-b14) (build 1.7.0_79-b14)
# Java VM: OpenJDK 64-Bit Server VM (24.79-b02 mixed mode linux-amd64 compressed oops)
Heap
 PSYoungGen      total 17920K, used 3860K [0x00000000ec000000, 0x00000000ee300000, 0x0000000100000000)
  eden space 15360K, 8% used [0x00000000ec000000,0x00000000ec14c978,0x00000000ecf00000)
  from space 2560K, 98% used [0x00000000ecf00000,0x00000000ed178850,0x00000000ed180000)
  to   space 2560K, 0% used [0x00000000ee080000,0x00000000ee080000,0x00000000ee300000)
 ParOldGen       total 40960K, used 21547K [0x00000000c4000000, 0x00000000c6800000, 0x00000000ec000000)
  object space 40960K, 52% used [0x00000000c4000000,0x00000000c550af28,0x00000000c6800000)
 PSPermGen       total 21504K, used 15351K [0x00000000b9a00000, 0x00000000baf00000, 0x00000000c4000000)
  object space 21504K, 71% used [0x00000000b9a00000,0x00000000ba8fdf60,0x00000000baf00000)
GC Heap History (6 events):
Event: 6,707 GC heap before
{Heap before GC invocations=1 (full 0):
 PSYoungGen      total 17920K, used 14478K [0x00000000ec000000, 0x00000000ed400000, 0x0000000100000000)
  eden space 15360K, 94% used [0x00000000ec000000,0x00000000ece239f0,0x00000000ecf00000)
  from space 2560K, 0% used [0x00000000ed180000,0x00000000ed180000,0x00000000ed400000)
  to   space 2560K, 0% used [0x00000000ecf00000,0x00000000ecf00000,0x00000000ed180000)
 ParOldGen       total 40960K, used 0K [0x00000000c4000000, 0x00000000c6800000, 0x00000000ec000000)
  object space 40960K, 0% used [0x00000000c4000000,0x00000000c4000000,0x00000000c6800000)
 PSPermGen       total 21504K, used 10469K [0x00000000b9a00000, 0x00000000baf00000, 0x00000000c4000000)
  object space 21504K, 48% used [0x00000000b9a00000,0x00000000ba439500,0x00000000baf00000)
Event: 6,717 GC heap after
Heap after GC invocations=1 (full 0):
 PSYoungGen      total 17920K, used 2551K [0x00000000ec000000, 0x00000000ed400000, 0x0000000100000000)
  eden space 15360K, 0% used [0x00000000ec000000,0x00000000ec000000,0x00000000ecf00000)
  from space 2560K, 99% used [0x00000000ecf00000,0x00000000ed17dcc0,0x00000000ed180000)
  to   space 2560K, 0% used [0x00000000ed180000,0x00000000ed180000,0x00000000ed400000)
 ParOldGen       total 40960K, used 3848K [0x00000000c4000000, 0x00000000c6800000, 0x00000000ec000000)
  object space 40960K, 9% used [0x00000000c4000000,0x00000000c43c2020,0x00000000c6800000)
 PSPermGen       total 21504K, used 10469K [0x00000000b9a00000, 0x00000000baf00000, 0x00000000c4000000)
  object space 21504K, 48% used [0x00000000b9a00000,0x00000000ba439500,0x00000000baf00000)
}
Event: 7,050 GC heap before
{Heap before GC invocations=2 (full 0):
 PSYoungGen      total 17920K, used 17214K [0x00000000ec000000, 0x00000000ed400000, 0x0000000100000000)
  eden space 15360K, 95% used [0x00000000ec000000,0x00000000ece51bf8,0x00000000ecf00000)
  from space 2560K, 99% used [0x00000000ecf00000,0x00000000ed17dcc0,0x00000000ed180000)
  to   space 2560K, 0% used [0x00000000ed180000,0x00000000ed180000,0x00000000ed400000)
 ParOldGen       total 40960K, used 3848K [0x00000000c4000000, 0x00000000c6800000, 0x00000000ec000000)
  object space 40960K, 9% used [0x00000000c4000000,0x00000000c43c2020,0x00000000c6800000)
 PSPermGen       total 21504K, used 12827K [0x00000000b9a00000, 0x00000000baf00000, 0x00000000c4000000)
  object space 21504K, 59% used [0x00000000b9a00000,0x00000000ba686e78,0x00000000baf00000)
Event: 7,062 GC heap after
Heap after GC invocations=2 (full 0):
 PSYoungGen      total 17920K, used 2528K [0x00000000ec000000, 0x00000000ee300000, 0x0000000100000000)
  eden space 15360K, 0% used [0x00000000ec000000,0x00000000ec000000,0x00000000ecf00000)
  from space 2560K, 98% used [0x00000000ed180000,0x00000000ed3f8060,0x00000000ed400000)
  to   space 2560K, 0% used [0x00000000ecf00000,0x00000000ecf00000,0x00000000ed180000)
 ParOldGen       total 40960K, used 16840K [0x00000000c4000000, 0x00000000c6800000, 0x00000000ec000000)
  object space 40960K, 41% used [0x00000000c4000000,0x00000000c5072080,0x00000000c6800000)
 PSPermGen       total 21504K, used 12827K [0x00000000b9a00000, 0x00000000baf00000, 0x00000000c4000000)
  object space 21504K, 59% used [0x00000000b9a00000,0x00000000ba686e78,0x00000000baf00000)
}
Event: 8,142 GC heap before
{Heap before GC invocations=3 (full 0):
 PSYoungGen      total 17920K, used 17888K [0x00000000ec000000, 0x00000000ee300000, 0x0000000100000000)
  eden space 15360K, 100% used [0x00000000ec000000,0x00000000ecf00000,0x00000000ecf00000)
  from space 2560K, 98% used [0x00000000ed180000,0x00000000ed3f8060,0x00000000ed400000)
  to   space 2560K, 0% used [0x00000000ecf00000,0x00000000ecf00000,0x00000000ed180000)
 ParOldGen       total 40960K, used 16840K [0x00000000c4000000, 0x00000000c6800000, 0x00000000ec000000)
  object space 40960K, 41% used [0x00000000c4000000,0x00000000c5072080,0x00000000c6800000)
 PSPermGen       total 21504K, used 15188K [0x00000000b9a00000, 0x00000000baf00000, 0x00000000c4000000)
  object space 21504K, 70% used [0x00000000b9a00000,0x00000000ba8d50b0,0x00000000baf00000)
Event: 8,155 GC heap after
Heap after GC invocations=3 (full 0):
 PSYoungGen      total 17920K, used 2530K [0x00000000ec000000, 0x00000000ee300000, 0x0000000100000000)
  eden space 15360K, 0% used [0x00000000ec000000,0x00000000ec000000,0x00000000ecf00000)
  from space 2560K, 98% used [0x00000000ecf00000,0x00000000ed178850,0x00000000ed180000)
  to   space 2560K, 0% used [0x00000000ee080000,0x00000000ee080000,0x00000000ee300000)
 ParOldGen       total 40960K, used 21547K [0x00000000c4000000, 0x00000000c6800000, 0x00000000ec000000)
  object space 40960K, 52% used [0x00000000c4000000,0x00000000c550af28,0x00000000c6800000)
 PSPermGen       total 21504K, used 15188K [0x00000000b9a00000, 0x00000000baf00000, 0x00000000c4000000)
  object space 21504K, 70% used [0x00000000b9a00000,0x00000000ba8d50b0,0x00000000baf00000)
}

